CRITICAL - 2023-04-21 15:20:17 --> Invalid file: "default_layout.php"
in SYSTEMPATH\Exceptions\FrameworkException.php on line 33.
 1 SYSTEMPATH\View\View.php(201): CodeIgniter\Exceptions\FrameworkException::forInvalidFile('default_layout.php')
 2 SYSTEMPATH\View\View.php(229): CodeIgniter\View\View->render('default_layout', [], true)
 3 SYSTEMPATH\Common.php(1184): CodeIgniter\View\View->render('/home/index', [], true)
 4 APPPATH\Controllers\Home.php(10): view('/home/index')
 5 SYSTEMPATH\CodeIgniter.php(934): App\Controllers\Home->index()
 6 SYSTEMPATH\CodeIgniter.php(499): CodeIgniter\CodeIgniter->runController(Object(App\Controllers\Home))
 7 SYSTEMPATH\CodeIgniter.php(368): CodeIgniter\CodeIgniter->handleRequest(null, Object(Config\Cache), false)
 8 FCPATH\index.php(67): CodeIgniter\CodeIgniter->run()
 9 SYSTEMPATH\Commands\Server\rewrite.php(47): require_once('D:\\Workspace\\ComisticProjectPHP\\ZCosmetic\\public_html\\index.php')
CRITICAL - 2023-04-21 15:21:45 --> Invalid file: "pages/header.php"
in SYSTEMPATH\Exceptions\FrameworkException.php on line 33.
 1 SYSTEMPATH\View\View.php(201): CodeIgniter\Exceptions\FrameworkException::forInvalidFile('pages/header.php')
 2 SYSTEMPATH\View\View.php(431): CodeIgniter\View\View->render('pages/header', null, true)
 3 APPPATH\Views\layouts\main.php(53): CodeIgniter\View\View->include('pages/header')
 4 SYSTEMPATH\View\View.php(213): include('D:\\Workspace\\ComisticProjectPHP\\ZCosmetic\\source\\app\\Views\\layouts\\main.php')
 5 SYSTEMPATH\View\View.php(216): CodeIgniter\View\View->CodeIgniter\View\{closure}()
 6 SYSTEMPATH\View\View.php(229): CodeIgniter\View\View->render('layouts/main', [], true)
 7 SYSTEMPATH\Common.php(1184): CodeIgniter\View\View->render('/home/index', [], true)
 8 APPPATH\Controllers\Home.php(10): view('/home/index')
 9 SYSTEMPATH\CodeIgniter.php(934): App\Controllers\Home->index()
10 SYSTEMPATH\CodeIgniter.php(499): CodeIgniter\CodeIgniter->runController(Object(App\Controllers\Home))
11 SYSTEMPATH\CodeIgniter.php(368): CodeIgniter\CodeIgniter->handleRequest(null, Object(Config\Cache), false)
12 FCPATH\index.php(67): CodeIgniter\CodeIgniter->run()
13 SYSTEMPATH\Commands\Server\rewrite.php(47): require_once('D:\\Workspace\\ComisticProjectPHP\\ZCosmetic\\public_html\\index.php')
CRITICAL - 2023-04-21 15:21:54 --> Invalid file: "../layouts/main.php"
in SYSTEMPATH\Exceptions\FrameworkException.php on line 33.
 1 SYSTEMPATH\View\View.php(201): CodeIgniter\Exceptions\FrameworkException::forInvalidFile('../layouts/main.php')
 2 SYSTEMPATH\View\View.php(229): CodeIgniter\View\View->render('../layouts/main', [], true)
 3 SYSTEMPATH\Common.php(1184): CodeIgniter\View\View->render('/home/index', [], true)
 4 APPPATH\Controllers\Home.php(10): view('/home/index')
 5 SYSTEMPATH\CodeIgniter.php(934): App\Controllers\Home->index()
 6 SYSTEMPATH\CodeIgniter.php(499): CodeIgniter\CodeIgniter->runController(Object(App\Controllers\Home))
 7 SYSTEMPATH\CodeIgniter.php(368): CodeIgniter\CodeIgniter->handleRequest(null, Object(Config\Cache), false)
 8 FCPATH\index.php(67): CodeIgniter\CodeIgniter->run()
 9 SYSTEMPATH\Commands\Server\rewrite.php(47): require_once('D:\\Workspace\\ComisticProjectPHP\\ZCosmetic\\public_html\\index.php')
CRITICAL - 2023-04-21 15:23:43 --> Invalid file: "main.php"
in SYSTEMPATH\Exceptions\FrameworkException.php on line 33.
 1 SYSTEMPATH\View\View.php(201): CodeIgniter\Exceptions\FrameworkException::forInvalidFile('main.php')
 2 SYSTEMPATH\View\View.php(431): CodeIgniter\View\View->render('main', null, true)
 3 APPPATH\Views\home\index.php(1): CodeIgniter\View\View->include('main')
 4 SYSTEMPATH\View\View.php(213): include('D:\\Workspace\\ComisticProjectPHP\\ZCosmetic\\source\\app\\Views\\home\\index.php')
 5 SYSTEMPATH\View\View.php(216): CodeIgniter\View\View->CodeIgniter\View\{closure}()
 6 SYSTEMPATH\Common.php(1184): CodeIgniter\View\View->render('/home/index', [], true)
 7 APPPATH\Controllers\Home.php(10): view('/home/index')
 8 SYSTEMPATH\CodeIgniter.php(934): App\Controllers\Home->index()
 9 SYSTEMPATH\CodeIgniter.php(499): CodeIgniter\CodeIgniter->runController(Object(App\Controllers\Home))
10 SYSTEMPATH\CodeIgniter.php(368): CodeIgniter\CodeIgniter->handleRequest(null, Object(Config\Cache), false)
11 FCPATH\index.php(67): CodeIgniter\CodeIgniter->run()
12 SYSTEMPATH\Commands\Server\rewrite.php(47): require_once('D:\\Workspace\\ComisticProjectPHP\\ZCosmetic\\public_html\\index.php')
CRITICAL - 2023-04-21 15:23:49 --> Invalid file: "main.php"
in SYSTEMPATH\Exceptions\FrameworkException.php on line 33.
 1 SYSTEMPATH\View\View.php(201): CodeIgniter\Exceptions\FrameworkException::forInvalidFile('main.php')
 2 SYSTEMPATH\View\View.php(431): CodeIgniter\View\View->render('main', null, true)
 3 APPPATH\Views\home\index.php(1): CodeIgniter\View\View->include('main')
 4 SYSTEMPATH\View\View.php(213): include('D:\\Workspace\\ComisticProjectPHP\\ZCosmetic\\source\\app\\Views\\home\\index.php')
 5 SYSTEMPATH\View\View.php(216): CodeIgniter\View\View->CodeIgniter\View\{closure}()
 6 SYSTEMPATH\Common.php(1184): CodeIgniter\View\View->render('/home/index', [], true)
 7 APPPATH\Controllers\Home.php(10): view('/home/index')
 8 SYSTEMPATH\CodeIgniter.php(934): App\Controllers\Home->index()
 9 SYSTEMPATH\CodeIgniter.php(499): CodeIgniter\CodeIgniter->runController(Object(App\Controllers\Home))
10 SYSTEMPATH\CodeIgniter.php(368): CodeIgniter\CodeIgniter->handleRequest(null, Object(Config\Cache), false)
11 FCPATH\index.php(67): CodeIgniter\CodeIgniter->run()
12 SYSTEMPATH\Commands\Server\rewrite.php(47): require_once('D:\\Workspace\\ComisticProjectPHP\\ZCosmetic\\public_html\\index.php')
CRITICAL - 2023-04-21 15:23:52 --> Invalid file: "main.php"
in SYSTEMPATH\Exceptions\FrameworkException.php on line 33.
 1 SYSTEMPATH\View\View.php(201): CodeIgniter\Exceptions\FrameworkException::forInvalidFile('main.php')
 2 SYSTEMPATH\View\View.php(431): CodeIgniter\View\View->render('main', null, true)
 3 APPPATH\Views\home\index.php(1): CodeIgniter\View\View->include('main')
 4 SYSTEMPATH\View\View.php(213): include('D:\\Workspace\\ComisticProjectPHP\\ZCosmetic\\source\\app\\Views\\home\\index.php')
 5 SYSTEMPATH\View\View.php(216): CodeIgniter\View\View->CodeIgniter\View\{closure}()
 6 SYSTEMPATH\Common.php(1184): CodeIgniter\View\View->render('/home/index', [], true)
 7 APPPATH\Controllers\Home.php(10): view('/home/index')
 8 SYSTEMPATH\CodeIgniter.php(934): App\Controllers\Home->index()
 9 SYSTEMPATH\CodeIgniter.php(499): CodeIgniter\CodeIgniter->runController(Object(App\Controllers\Home))
10 SYSTEMPATH\CodeIgniter.php(368): CodeIgniter\CodeIgniter->handleRequest(null, Object(Config\Cache), false)
11 FCPATH\index.php(67): CodeIgniter\CodeIgniter->run()
CRITICAL - 2023-04-21 15:24:45 --> Invalid file: "pages/header.php"
in SYSTEMPATH\Exceptions\FrameworkException.php on line 33.
 1 SYSTEMPATH\View\View.php(201): CodeIgniter\Exceptions\FrameworkException::forInvalidFile('pages/header.php')
 2 SYSTEMPATH\View\View.php(431): CodeIgniter\View\View->render('pages/header', null, true)
 3 APPPATH\Views\layouts\main.php(53): CodeIgniter\View\View->include('pages/header')
 4 SYSTEMPATH\View\View.php(213): include('D:\\Workspace\\ComisticProjectPHP\\ZCosmetic\\source\\app\\Views\\layouts\\main.php')
 5 SYSTEMPATH\View\View.php(216): CodeIgniter\View\View->CodeIgniter\View\{closure}()
 6 SYSTEMPATH\View\View.php(229): CodeIgniter\View\View->render('layouts/main', [], true)
 7 SYSTEMPATH\Common.php(1184): CodeIgniter\View\View->render('/home/index', [], true)
 8 APPPATH\Controllers\Home.php(10): view('/home/index')
 9 SYSTEMPATH\CodeIgniter.php(934): App\Controllers\Home->index()
10 SYSTEMPATH\CodeIgniter.php(499): CodeIgniter\CodeIgniter->runController(Object(App\Controllers\Home))
11 SYSTEMPATH\CodeIgniter.php(368): CodeIgniter\CodeIgniter->handleRequest(null, Object(Config\Cache), false)
12 FCPATH\index.php(67): CodeIgniter\CodeIgniter->run()
CRITICAL - 2023-04-21 15:24:53 --> Invalid file: "pages/header.php"
in SYSTEMPATH\Exceptions\FrameworkException.php on line 33.
 1 SYSTEMPATH\View\View.php(201): CodeIgniter\Exceptions\FrameworkException::forInvalidFile('pages/header.php')
 2 SYSTEMPATH\View\View.php(431): CodeIgniter\View\View->render('pages/header', null, true)
 3 APPPATH\Views\layouts\main.php(53): CodeIgniter\View\View->include('pages/header')
 4 SYSTEMPATH\View\View.php(213): include('D:\\Workspace\\ComisticProjectPHP\\ZCosmetic\\source\\app\\Views\\layouts\\main.php')
 5 SYSTEMPATH\View\View.php(216): CodeIgniter\View\View->CodeIgniter\View\{closure}()
 6 SYSTEMPATH\View\View.php(229): CodeIgniter\View\View->render('layouts/main.php', [], true)
 7 SYSTEMPATH\Common.php(1184): CodeIgniter\View\View->render('/home/index', [], true)
 8 APPPATH\Controllers\Home.php(10): view('/home/index')
 9 SYSTEMPATH\CodeIgniter.php(934): App\Controllers\Home->index()
10 SYSTEMPATH\CodeIgniter.php(499): CodeIgniter\CodeIgniter->runController(Object(App\Controllers\Home))
11 SYSTEMPATH\CodeIgniter.php(368): CodeIgniter\CodeIgniter->handleRequest(null, Object(Config\Cache), false)
12 FCPATH\index.php(67): CodeIgniter\CodeIgniter->run()
CRITICAL - 2023-04-21 15:25:33 --> Invalid file: "main.php"
in SYSTEMPATH\Exceptions\FrameworkException.php on line 33.
 1 SYSTEMPATH\View\View.php(201): CodeIgniter\Exceptions\FrameworkException::forInvalidFile('main.php')
 2 SYSTEMPATH\View\View.php(229): CodeIgniter\View\View->render('main', [], true)
 3 SYSTEMPATH\Common.php(1184): CodeIgniter\View\View->render('/home/index', [], true)
 4 APPPATH\Controllers\Home.php(10): view('/home/index')
 5 SYSTEMPATH\CodeIgniter.php(934): App\Controllers\Home->index()
 6 SYSTEMPATH\CodeIgniter.php(499): CodeIgniter\CodeIgniter->runController(Object(App\Controllers\Home))
 7 SYSTEMPATH\CodeIgniter.php(368): CodeIgniter\CodeIgniter->handleRequest(null, Object(Config\Cache), false)
 8 FCPATH\index.php(67): CodeIgniter\CodeIgniter->run()
CRITICAL - 2023-04-21 15:27:29 --> Invalid file: "main.php"
in SYSTEMPATH\Exceptions\FrameworkException.php on line 33.
 1 SYSTEMPATH\View\View.php(201): CodeIgniter\Exceptions\FrameworkException::forInvalidFile('main.php')
 2 SYSTEMPATH\View\View.php(229): CodeIgniter\View\View->render('main', [], true)
 3 SYSTEMPATH\Common.php(1184): CodeIgniter\View\View->render('/home/index', [], true)
 4 APPPATH\Controllers\Home.php(10): view('/home/index')
 5 SYSTEMPATH\CodeIgniter.php(934): App\Controllers\Home->index()
 6 SYSTEMPATH\CodeIgniter.php(499): CodeIgniter\CodeIgniter->runController(Object(App\Controllers\Home))
 7 SYSTEMPATH\CodeIgniter.php(368): CodeIgniter\CodeIgniter->handleRequest(null, Object(Config\Cache), false)
 8 FCPATH\index.php(67): CodeIgniter\CodeIgniter->run()
CRITICAL - 2023-04-21 15:28:01 --> Invalid file: "main.php"
in SYSTEMPATH\Exceptions\FrameworkException.php on line 33.
 1 SYSTEMPATH\View\View.php(201): CodeIgniter\Exceptions\FrameworkException::forInvalidFile('main.php')
 2 SYSTEMPATH\View\View.php(229): CodeIgniter\View\View->render('main', [], true)
 3 SYSTEMPATH\Common.php(1184): CodeIgniter\View\View->render('/home/index', [], true)
 4 APPPATH\Controllers\Home.php(10): view('/home/index')
 5 SYSTEMPATH\CodeIgniter.php(934): App\Controllers\Home->index()
 6 SYSTEMPATH\CodeIgniter.php(499): CodeIgniter\CodeIgniter->runController(Object(App\Controllers\Home))
 7 SYSTEMPATH\CodeIgniter.php(368): CodeIgniter\CodeIgniter->handleRequest(null, Object(Config\Cache), false)
 8 FCPATH\index.php(67): CodeIgniter\CodeIgniter->run()
CRITICAL - 2023-04-21 15:28:21 --> Invalid file: "main.php"
in SYSTEMPATH\Exceptions\FrameworkException.php on line 33.
 1 SYSTEMPATH\View\View.php(201): CodeIgniter\Exceptions\FrameworkException::forInvalidFile('main.php')
 2 SYSTEMPATH\View\View.php(229): CodeIgniter\View\View->render('main', [], true)
 3 SYSTEMPATH\Common.php(1184): CodeIgniter\View\View->render('/home/index', [], true)
 4 APPPATH\Controllers\Home.php(10): view('/home/index')
 5 SYSTEMPATH\CodeIgniter.php(934): App\Controllers\Home->index()
 6 SYSTEMPATH\CodeIgniter.php(499): CodeIgniter\CodeIgniter->runController(Object(App\Controllers\Home))
 7 SYSTEMPATH\CodeIgniter.php(368): CodeIgniter\CodeIgniter->handleRequest(null, Object(Config\Cache), false)
 8 FCPATH\index.php(67): CodeIgniter\CodeIgniter->run()
CRITICAL - 2023-04-21 15:28:23 --> Invalid file: "main.php"
in SYSTEMPATH\Exceptions\FrameworkException.php on line 33.
 1 SYSTEMPATH\View\View.php(201): CodeIgniter\Exceptions\FrameworkException::forInvalidFile('main.php')
 2 SYSTEMPATH\View\View.php(229): CodeIgniter\View\View->render('main', [], true)
 3 SYSTEMPATH\Common.php(1184): CodeIgniter\View\View->render('/home/index', [], true)
 4 APPPATH\Controllers\Home.php(10): view('/home/index')
 5 SYSTEMPATH\CodeIgniter.php(934): App\Controllers\Home->index()
 6 SYSTEMPATH\CodeIgniter.php(499): CodeIgniter\CodeIgniter->runController(Object(App\Controllers\Home))
 7 SYSTEMPATH\CodeIgniter.php(368): CodeIgniter\CodeIgniter->handleRequest(null, Object(Config\Cache), false)
 8 FCPATH\index.php(67): CodeIgniter\CodeIgniter->run()
CRITICAL - 2023-04-21 15:28:23 --> Invalid file: "main.php"
in SYSTEMPATH\Exceptions\FrameworkException.php on line 33.
 1 SYSTEMPATH\View\View.php(201): CodeIgniter\Exceptions\FrameworkException::forInvalidFile('main.php')
 2 SYSTEMPATH\View\View.php(229): CodeIgniter\View\View->render('main', [], true)
 3 SYSTEMPATH\Common.php(1184): CodeIgniter\View\View->render('/home/index', [], true)
 4 APPPATH\Controllers\Home.php(10): view('/home/index')
 5 SYSTEMPATH\CodeIgniter.php(934): App\Controllers\Home->index()
 6 SYSTEMPATH\CodeIgniter.php(499): CodeIgniter\CodeIgniter->runController(Object(App\Controllers\Home))
 7 SYSTEMPATH\CodeIgniter.php(368): CodeIgniter\CodeIgniter->handleRequest(null, Object(Config\Cache), false)
 8 FCPATH\index.php(67): CodeIgniter\CodeIgniter->run()
CRITICAL - 2023-04-21 15:28:30 --> Invalid file: "main.php"
in SYSTEMPATH\Exceptions\FrameworkException.php on line 33.
 1 SYSTEMPATH\View\View.php(201): CodeIgniter\Exceptions\FrameworkException::forInvalidFile('main.php')
 2 SYSTEMPATH\View\View.php(229): CodeIgniter\View\View->render('main', [], true)
 3 SYSTEMPATH\Common.php(1184): CodeIgniter\View\View->render('/home/index', [], true)
 4 APPPATH\Controllers\Home.php(10): view('/home/index')
 5 SYSTEMPATH\CodeIgniter.php(934): App\Controllers\Home->index()
 6 SYSTEMPATH\CodeIgniter.php(499): CodeIgniter\CodeIgniter->runController(Object(App\Controllers\Home))
 7 SYSTEMPATH\CodeIgniter.php(368): CodeIgniter\CodeIgniter->handleRequest(null, Object(Config\Cache), false)
 8 FCPATH\index.php(67): CodeIgniter\CodeIgniter->run()
CRITICAL - 2023-04-21 15:32:04 --> Invalid file: "main.php"
in SYSTEMPATH\Exceptions\FrameworkException.php on line 33.
 1 SYSTEMPATH\View\View.php(201): CodeIgniter\Exceptions\FrameworkException::forInvalidFile('main.php')
 2 SYSTEMPATH\View\View.php(229): CodeIgniter\View\View->render('main', [], true)
 3 SYSTEMPATH\Common.php(1184): CodeIgniter\View\View->render('/home/index', [], true)
 4 APPPATH\Controllers\Home.php(11): view('/home/index', [...])
 5 SYSTEMPATH\CodeIgniter.php(934): App\Controllers\Home->index()
 6 SYSTEMPATH\CodeIgniter.php(499): CodeIgniter\CodeIgniter->runController(Object(App\Controllers\Home))
 7 SYSTEMPATH\CodeIgniter.php(368): CodeIgniter\CodeIgniter->handleRequest(null, Object(Config\Cache), false)
 8 FCPATH\index.php(67): CodeIgniter\CodeIgniter->run()
CRITICAL - 2023-04-21 15:32:20 --> Invalid file: "layouts/main_layout.php"
in SYSTEMPATH\Exceptions\FrameworkException.php on line 33.
 1 SYSTEMPATH\View\View.php(201): CodeIgniter\Exceptions\FrameworkException::forInvalidFile('layouts/main_layout.php')
 2 SYSTEMPATH\View\View.php(229): CodeIgniter\View\View->render('layouts/main_layout', [], true)
 3 SYSTEMPATH\Common.php(1184): CodeIgniter\View\View->render('/home/index', [], true)
 4 APPPATH\Controllers\Home.php(11): view('/home/index', [...])
 5 SYSTEMPATH\CodeIgniter.php(934): App\Controllers\Home->index()
 6 SYSTEMPATH\CodeIgniter.php(499): CodeIgniter\CodeIgniter->runController(Object(App\Controllers\Home))
 7 SYSTEMPATH\CodeIgniter.php(368): CodeIgniter\CodeIgniter->handleRequest(null, Object(Config\Cache), false)
 8 FCPATH\index.php(67): CodeIgniter\CodeIgniter->run()
CRITICAL - 2023-04-21 15:32:21 --> Invalid file: "layouts/main_layout.php"
in SYSTEMPATH\Exceptions\FrameworkException.php on line 33.
 1 SYSTEMPATH\View\View.php(201): CodeIgniter\Exceptions\FrameworkException::forInvalidFile('layouts/main_layout.php')
 2 SYSTEMPATH\View\View.php(229): CodeIgniter\View\View->render('layouts/main_layout', [], true)
 3 SYSTEMPATH\Common.php(1184): CodeIgniter\View\View->render('/home/index', [], true)
 4 APPPATH\Controllers\Home.php(11): view('/home/index', [...])
 5 SYSTEMPATH\CodeIgniter.php(934): App\Controllers\Home->index()
 6 SYSTEMPATH\CodeIgniter.php(499): CodeIgniter\CodeIgniter->runController(Object(App\Controllers\Home))
 7 SYSTEMPATH\CodeIgniter.php(368): CodeIgniter\CodeIgniter->handleRequest(null, Object(Config\Cache), false)
 8 FCPATH\index.php(67): CodeIgniter\CodeIgniter->run()
CRITICAL - 2023-04-21 15:32:23 --> Invalid file: "layouts/main_layout.php"
in SYSTEMPATH\Exceptions\FrameworkException.php on line 33.
 1 SYSTEMPATH\View\View.php(201): CodeIgniter\Exceptions\FrameworkException::forInvalidFile('layouts/main_layout.php')
 2 SYSTEMPATH\View\View.php(229): CodeIgniter\View\View->render('layouts/main_layout', [], true)
 3 SYSTEMPATH\Common.php(1184): CodeIgniter\View\View->render('/home/index', [], true)
 4 APPPATH\Controllers\Home.php(11): view('/home/index', [...])
 5 SYSTEMPATH\CodeIgniter.php(934): App\Controllers\Home->index()
 6 SYSTEMPATH\CodeIgniter.php(499): CodeIgniter\CodeIgniter->runController(Object(App\Controllers\Home))
 7 SYSTEMPATH\CodeIgniter.php(368): CodeIgniter\CodeIgniter->handleRequest(null, Object(Config\Cache), false)
 8 FCPATH\index.php(67): CodeIgniter\CodeIgniter->run()
CRITICAL - 2023-04-21 15:32:47 --> Invalid file: "layouts/main_layout.php"
in SYSTEMPATH\Exceptions\FrameworkException.php on line 33.
 1 SYSTEMPATH\View\View.php(201): CodeIgniter\Exceptions\FrameworkException::forInvalidFile('layouts/main_layout.php')
 2 SYSTEMPATH\View\View.php(229): CodeIgniter\View\View->render('layouts/main_layout', [], true)
 3 SYSTEMPATH\Common.php(1184): CodeIgniter\View\View->render('home/index', [], true)
 4 APPPATH\Controllers\Home.php(11): view('home/index', [...])
 5 SYSTEMPATH\CodeIgniter.php(934): App\Controllers\Home->index()
 6 SYSTEMPATH\CodeIgniter.php(499): CodeIgniter\CodeIgniter->runController(Object(App\Controllers\Home))
 7 SYSTEMPATH\CodeIgniter.php(368): CodeIgniter\CodeIgniter->handleRequest(null, Object(Config\Cache), false)
 8 FCPATH\index.php(67): CodeIgniter\CodeIgniter->run()
CRITICAL - 2023-04-21 15:33:22 --> Invalid file: "layouts/main_layout.php"
in SYSTEMPATH\Exceptions\FrameworkException.php on line 33.
 1 SYSTEMPATH\View\View.php(201): CodeIgniter\Exceptions\FrameworkException::forInvalidFile('layouts/main_layout.php')
 2 SYSTEMPATH\View\View.php(229): CodeIgniter\View\View->render('layouts/main_layout', [], true)
 3 SYSTEMPATH\Common.php(1184): CodeIgniter\View\View->render('home/index', [], true)
 4 APPPATH\Controllers\Home.php(11): view('home/index', [...])
 5 SYSTEMPATH\CodeIgniter.php(934): App\Controllers\Home->index()
 6 SYSTEMPATH\CodeIgniter.php(499): CodeIgniter\CodeIgniter->runController(Object(App\Controllers\Home))
 7 SYSTEMPATH\CodeIgniter.php(368): CodeIgniter\CodeIgniter->handleRequest(null, Object(Config\Cache), false)
 8 FCPATH\index.php(67): CodeIgniter\CodeIgniter->run()
CRITICAL - 2023-04-21 15:33:24 --> Invalid file: "layouts/main_layout.php"
in SYSTEMPATH\Exceptions\FrameworkException.php on line 33.
 1 SYSTEMPATH\View\View.php(201): CodeIgniter\Exceptions\FrameworkException::forInvalidFile('layouts/main_layout.php')
 2 SYSTEMPATH\View\View.php(229): CodeIgniter\View\View->render('layouts/main_layout', [], true)
 3 SYSTEMPATH\Common.php(1184): CodeIgniter\View\View->render('home/index', [], true)
 4 APPPATH\Controllers\Home.php(11): view('home/index', [...])
 5 SYSTEMPATH\CodeIgniter.php(934): App\Controllers\Home->index()
 6 SYSTEMPATH\CodeIgniter.php(499): CodeIgniter\CodeIgniter->runController(Object(App\Controllers\Home))
 7 SYSTEMPATH\CodeIgniter.php(368): CodeIgniter\CodeIgniter->handleRequest(null, Object(Config\Cache), false)
 8 FCPATH\index.php(67): CodeIgniter\CodeIgniter->run()
CRITICAL - 2023-04-21 15:33:37 --> Invalid file: "layouts/main_layout.php"
in SYSTEMPATH\Exceptions\FrameworkException.php on line 33.
 1 SYSTEMPATH\View\View.php(201): CodeIgniter\Exceptions\FrameworkException::forInvalidFile('layouts/main_layout.php')
 2 SYSTEMPATH\View\View.php(229): CodeIgniter\View\View->render('layouts/main_layout', [], true)
 3 SYSTEMPATH\Common.php(1184): CodeIgniter\View\View->render('home/index', [], true)
 4 APPPATH\Controllers\Home.php(11): view('home/index', [...])
 5 SYSTEMPATH\CodeIgniter.php(934): App\Controllers\Home->index()
 6 SYSTEMPATH\CodeIgniter.php(499): CodeIgniter\CodeIgniter->runController(Object(App\Controllers\Home))
 7 SYSTEMPATH\CodeIgniter.php(368): CodeIgniter\CodeIgniter->handleRequest(null, Object(Config\Cache), false)
 8 FCPATH\index.php(67): CodeIgniter\CodeIgniter->run()
CRITICAL - 2023-04-21 15:33:39 --> Invalid file: "layouts/main_layout.php"
in SYSTEMPATH\Exceptions\FrameworkException.php on line 33.
 1 SYSTEMPATH\View\View.php(201): CodeIgniter\Exceptions\FrameworkException::forInvalidFile('layouts/main_layout.php')
 2 SYSTEMPATH\View\View.php(229): CodeIgniter\View\View->render('layouts/main_layout', [], true)
 3 SYSTEMPATH\Common.php(1184): CodeIgniter\View\View->render('home/index', [], true)
 4 APPPATH\Controllers\Home.php(11): view('home/index', [...])
 5 SYSTEMPATH\CodeIgniter.php(934): App\Controllers\Home->index()
 6 SYSTEMPATH\CodeIgniter.php(499): CodeIgniter\CodeIgniter->runController(Object(App\Controllers\Home))
 7 SYSTEMPATH\CodeIgniter.php(368): CodeIgniter\CodeIgniter->handleRequest(null, Object(Config\Cache), false)
 8 FCPATH\index.php(67): CodeIgniter\CodeIgniter->run()
CRITICAL - 2023-04-21 15:34:10 --> Invalid file: "layouts/main_layout.php"
in SYSTEMPATH\Exceptions\FrameworkException.php on line 33.
 1 SYSTEMPATH\View\View.php(201): CodeIgniter\Exceptions\FrameworkException::forInvalidFile('layouts/main_layout.php')
 2 SYSTEMPATH\View\View.php(229): CodeIgniter\View\View->render('layouts/main_layout', [], true)
 3 SYSTEMPATH\Common.php(1184): CodeIgniter\View\View->render('home/index', [], true)
 4 APPPATH\Controllers\Home.php(11): view('home/index', [...])
 5 SYSTEMPATH\CodeIgniter.php(934): App\Controllers\Home->index()
 6 SYSTEMPATH\CodeIgniter.php(499): CodeIgniter\CodeIgniter->runController(Object(App\Controllers\Home))
 7 SYSTEMPATH\CodeIgniter.php(368): CodeIgniter\CodeIgniter->handleRequest(null, Object(Config\Cache), false)
 8 FCPATH\index.php(67): CodeIgniter\CodeIgniter->run()
CRITICAL - 2023-04-21 15:34:11 --> Invalid file: "layouts/main_layout.php"
in SYSTEMPATH\Exceptions\FrameworkException.php on line 33.
 1 SYSTEMPATH\View\View.php(201): CodeIgniter\Exceptions\FrameworkException::forInvalidFile('layouts/main_layout.php')
 2 SYSTEMPATH\View\View.php(229): CodeIgniter\View\View->render('layouts/main_layout', [], true)
 3 SYSTEMPATH\Common.php(1184): CodeIgniter\View\View->render('home/index', [], true)
 4 APPPATH\Controllers\Home.php(11): view('home/index', [...])
 5 SYSTEMPATH\CodeIgniter.php(934): App\Controllers\Home->index()
 6 SYSTEMPATH\CodeIgniter.php(499): CodeIgniter\CodeIgniter->runController(Object(App\Controllers\Home))
 7 SYSTEMPATH\CodeIgniter.php(368): CodeIgniter\CodeIgniter->handleRequest(null, Object(Config\Cache), false)
 8 FCPATH\index.php(67): CodeIgniter\CodeIgniter->run()
CRITICAL - 2023-04-21 15:38:05 --> Invalid file: "layouts/main_layout.php"
in SYSTEMPATH\Exceptions\FrameworkException.php on line 33.
 1 SYSTEMPATH\View\View.php(201): CodeIgniter\Exceptions\FrameworkException::forInvalidFile('layouts/main_layout.php')
 2 SYSTEMPATH\View\View.php(229): CodeIgniter\View\View->render('layouts/main_layout', [], true)
 3 SYSTEMPATH\Common.php(1184): CodeIgniter\View\View->render('home/index', [], true)
 4 APPPATH\Controllers\Home.php(11): view('home/index', [...])
 5 SYSTEMPATH\CodeIgniter.php(934): App\Controllers\Home->index()
 6 SYSTEMPATH\CodeIgniter.php(499): CodeIgniter\CodeIgniter->runController(Object(App\Controllers\Home))
 7 SYSTEMPATH\CodeIgniter.php(368): CodeIgniter\CodeIgniter->handleRequest(null, Object(Config\Cache), false)
 8 FCPATH\index.php(67): CodeIgniter\CodeIgniter->run()
 9 SYSTEMPATH\Commands\Server\rewrite.php(47): require_once('D:\\Workspace\\ComisticProjectPHP\\ZCosmetic\\public_html\\index.php')
CRITICAL - 2023-04-21 15:38:15 --> Invalid file: "layouts/main_layout.php"
in SYSTEMPATH\Exceptions\FrameworkException.php on line 33.
 1 SYSTEMPATH\View\View.php(201): CodeIgniter\Exceptions\FrameworkException::forInvalidFile('layouts/main_layout.php')
 2 SYSTEMPATH\View\View.php(229): CodeIgniter\View\View->render('layouts/main_layout', [], true)
 3 SYSTEMPATH\Common.php(1184): CodeIgniter\View\View->render('home/index', [], true)
 4 APPPATH\Controllers\Home.php(11): view('home/index', [...])
 5 SYSTEMPATH\CodeIgniter.php(934): App\Controllers\Home->index()
 6 SYSTEMPATH\CodeIgniter.php(499): CodeIgniter\CodeIgniter->runController(Object(App\Controllers\Home))
 7 SYSTEMPATH\CodeIgniter.php(368): CodeIgniter\CodeIgniter->handleRequest(null, Object(Config\Cache), false)
 8 FCPATH\index.php(67): CodeIgniter\CodeIgniter->run()
 9 SYSTEMPATH\Commands\Server\rewrite.php(47): require_once('D:\\Workspace\\ComisticProjectPHP\\ZCosmetic\\public_html\\index.php')
CRITICAL - 2023-04-21 15:41:18 --> Invalid file: "../partials/header.php"
in SYSTEMPATH\Exceptions\FrameworkException.php on line 33.
 1 SYSTEMPATH\View\View.php(201): CodeIgniter\Exceptions\FrameworkException::forInvalidFile('../partials/header.php')
 2 SYSTEMPATH\View\View.php(431): CodeIgniter\View\View->render('../partials/header', null, true)
 3 APPPATH\Views\layouts\main.php(53): CodeIgniter\View\View->include('../partials/header')
 4 SYSTEMPATH\View\View.php(213): include('D:\\Workspace\\ComisticProjectPHP\\ZCosmetic\\source\\app\\Views\\layouts\\main.php')
 5 SYSTEMPATH\View\View.php(216): CodeIgniter\View\View->CodeIgniter\View\{closure}()
 6 SYSTEMPATH\View\View.php(229): CodeIgniter\View\View->render('layouts/main', [], true)
 7 SYSTEMPATH\Common.php(1184): CodeIgniter\View\View->render('home/index', [], true)
 8 APPPATH\Controllers\Home.php(11): view('home/index', [...])
 9 SYSTEMPATH\CodeIgniter.php(934): App\Controllers\Home->index()
10 SYSTEMPATH\CodeIgniter.php(499): CodeIgniter\CodeIgniter->runController(Object(App\Controllers\Home))
11 SYSTEMPATH\CodeIgniter.php(368): CodeIgniter\CodeIgniter->handleRequest(null, Object(Config\Cache), false)
12 FCPATH\index.php(67): CodeIgniter\CodeIgniter->run()
13 SYSTEMPATH\Commands\Server\rewrite.php(47): require_once('D:\\Workspace\\ComisticProjectPHP\\ZCosmetic\\public_html\\index.php')
CRITICAL - 2023-04-21 15:42:48 --> Call to undefined method CodeIgniter\View\View::extends()
in APPPATH\Views\home\index.php on line 1.
 1 SYSTEMPATH\View\View.php(213): include()
 2 SYSTEMPATH\View\View.php(216): CodeIgniter\View\View->CodeIgniter\View\{closure}()
 3 SYSTEMPATH\Common.php(1184): CodeIgniter\View\View->render('home/index', [], true)
 4 APPPATH\Controllers\Home.php(11): view('home/index', [...])
 5 SYSTEMPATH\CodeIgniter.php(934): App\Controllers\Home->index()
 6 SYSTEMPATH\CodeIgniter.php(499): CodeIgniter\CodeIgniter->runController(Object(App\Controllers\Home))
 7 SYSTEMPATH\CodeIgniter.php(368): CodeIgniter\CodeIgniter->handleRequest(null, Object(Config\Cache), false)
 8 FCPATH\index.php(67): CodeIgniter\CodeIgniter->run()
 9 SYSTEMPATH\Commands\Server\rewrite.php(47): require_once('D:\\Workspace\\ComisticProjectPHP\\ZCosmetic\\public_html\\index.php')
CRITICAL - 2023-04-21 15:58:13 --> Undefined variable $routes
in APPPATH\Views\partials\header.php on line 44.
 1 APPPATH\Views\partials\header.php(44): CodeIgniter\Debug\Exceptions->errorHandler(2, 'Undefined variable $routes', 'D:\\Workspace\\ComisticProjectPHP\\ZCosmetic\\source\\app\\Views\\partials\\header.php', 44)
 2 SYSTEMPATH\View\View.php(213): include('D:\\Workspace\\ComisticProjectPHP\\ZCosmetic\\source\\app\\Views\\partials\\header.php')
 3 SYSTEMPATH\View\View.php(216): CodeIgniter\View\View->CodeIgniter\View\{closure}()
 4 SYSTEMPATH\View\View.php(431): CodeIgniter\View\View->render('partials/header', null, true)
 5 APPPATH\Views\layouts\main.php(53): CodeIgniter\View\View->include('partials/header')
 6 SYSTEMPATH\View\View.php(213): include('D:\\Workspace\\ComisticProjectPHP\\ZCosmetic\\source\\app\\Views\\layouts\\main.php')
 7 SYSTEMPATH\View\View.php(216): CodeIgniter\View\View->CodeIgniter\View\{closure}()
 8 SYSTEMPATH\View\View.php(229): CodeIgniter\View\View->render('layouts/main', [], true)
 9 SYSTEMPATH\Common.php(1184): CodeIgniter\View\View->render('home/index', [], true)
10 APPPATH\Controllers\Home.php(11): view('home/index', [...])
11 SYSTEMPATH\CodeIgniter.php(934): App\Controllers\Home->index()
12 SYSTEMPATH\CodeIgniter.php(499): CodeIgniter\CodeIgniter->runController(Object(App\Controllers\Home))
13 SYSTEMPATH\CodeIgniter.php(368): CodeIgniter\CodeIgniter->handleRequest(null, Object(Config\Cache), false)
14 FCPATH\index.php(67): CodeIgniter\CodeIgniter->run()
15 SYSTEMPATH\Commands\Server\rewrite.php(47): require_once('D:\\Workspace\\ComisticProjectPHP\\ZCosmetic\\public_html\\index.php')
CRITICAL - 2023-04-21 16:07:07 --> Controller or its method is not found: Home::about_us
in SYSTEMPATH\Helpers\url_helper.php on line 596.
 1 SYSTEMPATH\Helpers\url_helper.php(596): CodeIgniter\Router\Exceptions\RouterException::forControllerNotFound('Home', 'about_us')
 2 APPPATH\Views\partials\header.php(44): url_to('Home::about_us')
 3 SYSTEMPATH\View\View.php(213): include('D:\\Workspace\\ComisticProjectPHP\\ZCosmetic\\source\\app\\Views\\partials\\header.php')
 4 SYSTEMPATH\View\View.php(216): CodeIgniter\View\View->CodeIgniter\View\{closure}()
 5 SYSTEMPATH\View\View.php(431): CodeIgniter\View\View->render('partials/header', null, true)
 6 APPPATH\Views\layouts\main.php(53): CodeIgniter\View\View->include('partials/header')
 7 SYSTEMPATH\View\View.php(213): include('D:\\Workspace\\ComisticProjectPHP\\ZCosmetic\\source\\app\\Views\\layouts\\main.php')
 8 SYSTEMPATH\View\View.php(216): CodeIgniter\View\View->CodeIgniter\View\{closure}()
 9 SYSTEMPATH\View\View.php(229): CodeIgniter\View\View->render('layouts/main', [], true)
10 SYSTEMPATH\Common.php(1184): CodeIgniter\View\View->render('home/index', [], true)
11 APPPATH\Controllers\Home.php(11): view('home/index', [...])
12 SYSTEMPATH\CodeIgniter.php(934): App\Controllers\Home->index()
13 SYSTEMPATH\CodeIgniter.php(499): CodeIgniter\CodeIgniter->runController(Object(App\Controllers\Home))
14 SYSTEMPATH\CodeIgniter.php(368): CodeIgniter\CodeIgniter->handleRequest(null, Object(Config\Cache), false)
15 FCPATH\index.php(67): CodeIgniter\CodeIgniter->run()
16 SYSTEMPATH\Commands\Server\rewrite.php(47): require_once('D:\\Workspace\\ComisticProjectPHP\\ZCosmetic\\public_html\\index.php')
CRITICAL - 2023-04-21 16:07:10 --> Controller or its method is not found: Home::about_us
in SYSTEMPATH\Helpers\url_helper.php on line 596.
 1 SYSTEMPATH\Helpers\url_helper.php(596): CodeIgniter\Router\Exceptions\RouterException::forControllerNotFound('Home', 'about_us')
 2 APPPATH\Views\partials\header.php(44): url_to('Home::about_us')
 3 SYSTEMPATH\View\View.php(213): include('D:\\Workspace\\ComisticProjectPHP\\ZCosmetic\\source\\app\\Views\\partials\\header.php')
 4 SYSTEMPATH\View\View.php(216): CodeIgniter\View\View->CodeIgniter\View\{closure}()
 5 SYSTEMPATH\View\View.php(431): CodeIgniter\View\View->render('partials/header', null, true)
 6 APPPATH\Views\layouts\main.php(53): CodeIgniter\View\View->include('partials/header')
 7 SYSTEMPATH\View\View.php(213): include('D:\\Workspace\\ComisticProjectPHP\\ZCosmetic\\source\\app\\Views\\layouts\\main.php')
 8 SYSTEMPATH\View\View.php(216): CodeIgniter\View\View->CodeIgniter\View\{closure}()
 9 SYSTEMPATH\View\View.php(229): CodeIgniter\View\View->render('layouts/main', [], true)
10 SYSTEMPATH\Common.php(1184): CodeIgniter\View\View->render('home/index', [], true)
11 APPPATH\Controllers\Home.php(11): view('home/index', [...])
12 SYSTEMPATH\CodeIgniter.php(934): App\Controllers\Home->index()
13 SYSTEMPATH\CodeIgniter.php(499): CodeIgniter\CodeIgniter->runController(Object(App\Controllers\Home))
14 SYSTEMPATH\CodeIgniter.php(368): CodeIgniter\CodeIgniter->handleRequest(null, Object(Config\Cache), false)
15 FCPATH\index.php(67): CodeIgniter\CodeIgniter->run()
16 SYSTEMPATH\Commands\Server\rewrite.php(47): require_once('D:\\Workspace\\ComisticProjectPHP\\ZCosmetic\\public_html\\index.php')
CRITICAL - 2023-04-21 16:07:51 --> Controller or its method is not found: Home::about_us
in SYSTEMPATH\Helpers\url_helper.php on line 596.
 1 SYSTEMPATH\Helpers\url_helper.php(596): CodeIgniter\Router\Exceptions\RouterException::forControllerNotFound('Home', 'about_us')
 2 APPPATH\Views\partials\header.php(44): url_to('Home::about_us')
 3 SYSTEMPATH\View\View.php(213): include('D:\\Workspace\\ComisticProjectPHP\\ZCosmetic\\source\\app\\Views\\partials\\header.php')
 4 SYSTEMPATH\View\View.php(216): CodeIgniter\View\View->CodeIgniter\View\{closure}()
 5 SYSTEMPATH\View\View.php(431): CodeIgniter\View\View->render('partials/header', null, true)
 6 APPPATH\Views\layouts\main.php(53): CodeIgniter\View\View->include('partials/header')
 7 SYSTEMPATH\View\View.php(213): include('D:\\Workspace\\ComisticProjectPHP\\ZCosmetic\\source\\app\\Views\\layouts\\main.php')
 8 SYSTEMPATH\View\View.php(216): CodeIgniter\View\View->CodeIgniter\View\{closure}()
 9 SYSTEMPATH\View\View.php(229): CodeIgniter\View\View->render('layouts/main', [], true)
10 SYSTEMPATH\Common.php(1184): CodeIgniter\View\View->render('home/index', [], true)
11 APPPATH\Controllers\Home.php(11): view('home/index', [...])
12 SYSTEMPATH\CodeIgniter.php(934): App\Controllers\Home->index()
13 SYSTEMPATH\CodeIgniter.php(499): CodeIgniter\CodeIgniter->runController(Object(App\Controllers\Home))
14 SYSTEMPATH\CodeIgniter.php(368): CodeIgniter\CodeIgniter->handleRequest(null, Object(Config\Cache), false)
15 FCPATH\index.php(67): CodeIgniter\CodeIgniter->run()
16 SYSTEMPATH\Commands\Server\rewrite.php(47): require_once('D:\\Workspace\\ComisticProjectPHP\\ZCosmetic\\public_html\\index.php')
CRITICAL - 2023-04-21 16:08:45 --> Controller or its method is not found: Home::about_us
in SYSTEMPATH\Helpers\url_helper.php on line 596.
 1 SYSTEMPATH\Helpers\url_helper.php(596): CodeIgniter\Router\Exceptions\RouterException::forControllerNotFound('Home', 'about_us')
 2 APPPATH\Views\partials\header.php(44): url_to('Home::about_us')
 3 SYSTEMPATH\View\View.php(213): include('D:\\Workspace\\ComisticProjectPHP\\ZCosmetic\\source\\app\\Views\\partials\\header.php')
 4 SYSTEMPATH\View\View.php(216): CodeIgniter\View\View->CodeIgniter\View\{closure}()
 5 SYSTEMPATH\View\View.php(431): CodeIgniter\View\View->render('partials/header', null, true)
 6 APPPATH\Views\layouts\main.php(53): CodeIgniter\View\View->include('partials/header')
 7 SYSTEMPATH\View\View.php(213): include('D:\\Workspace\\ComisticProjectPHP\\ZCosmetic\\source\\app\\Views\\layouts\\main.php')
 8 SYSTEMPATH\View\View.php(216): CodeIgniter\View\View->CodeIgniter\View\{closure}()
 9 SYSTEMPATH\View\View.php(229): CodeIgniter\View\View->render('layouts/main', [], true)
10 SYSTEMPATH\Common.php(1184): CodeIgniter\View\View->render('home/index', [], true)
11 APPPATH\Controllers\Home.php(11): view('home/index', [...])
12 SYSTEMPATH\CodeIgniter.php(934): App\Controllers\Home->index()
13 SYSTEMPATH\CodeIgniter.php(499): CodeIgniter\CodeIgniter->runController(Object(App\Controllers\Home))
14 SYSTEMPATH\CodeIgniter.php(368): CodeIgniter\CodeIgniter->handleRequest(null, Object(Config\Cache), false)
15 FCPATH\index.php(67): CodeIgniter\CodeIgniter->run()
16 SYSTEMPATH\Commands\Server\rewrite.php(47): require_once('D:\\Workspace\\ComisticProjectPHP\\ZCosmetic\\public_html\\index.php')
