CRITICAL - 2023-04-19 10:08:23 --> Invalid file: "index.php"
in SYSTEMPATH\Exceptions\FrameworkException.php on line 33.
 1 SYSTEMPATH\View\View.php(201): CodeIgniter\Exceptions\FrameworkException::forInvalidFile('index.php')
 2 SYSTEMPATH\Common.php(1184): CodeIgniter\View\View->render('index', [], true)
 3 APPPATH\Controllers\Home.php(9): view('index')
 4 SYSTEMPATH\CodeIgniter.php(934): App\Controllers\Home->index()
 5 SYSTEMPATH\CodeIgniter.php(499): CodeIgniter\CodeIgniter->runController(Object(App\Controllers\Home))
 6 SYSTEMPATH\CodeIgniter.php(368): CodeIgniter\CodeIgniter->handleRequest(null, Object(Config\Cache), false)
 7 FCPATH\index.php(67): CodeIgniter\CodeIgniter->run()
 8 SYSTEMPATH\Commands\Server\rewrite.php(47): require_once('D:\\Workspace\\ComisticProjectPHP\\ZCosmetic\\public_html\\index.php')
CRITICAL - 2023-04-19 10:15:23 --> Undefined property: CodeIgniter\View\View::$load
in APPPATH\Views\pages\index.php on line 54.
 1 APPPATH\Views\pages\index.php(54): CodeIgniter\Debug\Exceptions->errorHandler(2, 'Undefined property: CodeIgniter\\View\\View::$load', 'D:\\Workspace\\ComisticProjectPHP\\ZCosmetic\\source\\app\\Views\\pages\\index.php', 54)
 2 SYSTEMPATH\View\View.php(213): include('D:\\Workspace\\ComisticProjectPHP\\ZCosmetic\\source\\app\\Views\\pages\\index.php')
 3 SYSTEMPATH\View\View.php(216): CodeIgniter\View\View->CodeIgniter\View\{closure}()
 4 SYSTEMPATH\Common.php(1184): CodeIgniter\View\View->render('/pages/index', [], true)
 5 APPPATH\Controllers\Home.php(9): view('/pages/index')
 6 SYSTEMPATH\CodeIgniter.php(934): App\Controllers\Home->index()
 7 SYSTEMPATH\CodeIgniter.php(499): CodeIgniter\CodeIgniter->runController(Object(App\Controllers\Home))
 8 SYSTEMPATH\CodeIgniter.php(368): CodeIgniter\CodeIgniter->handleRequest(null, Object(Config\Cache), false)
 9 FCPATH\index.php(67): CodeIgniter\CodeIgniter->run()
CRITICAL - 2023-04-19 10:15:31 --> Undefined property: CodeIgniter\View\View::$load
in APPPATH\Views\pages\index.php on line 54.
 1 APPPATH\Views\pages\index.php(54): CodeIgniter\Debug\Exceptions->errorHandler(2, 'Undefined property: CodeIgniter\\View\\View::$load', 'D:\\Workspace\\ComisticProjectPHP\\ZCosmetic\\source\\app\\Views\\pages\\index.php', 54)
 2 SYSTEMPATH\View\View.php(213): include('D:\\Workspace\\ComisticProjectPHP\\ZCosmetic\\source\\app\\Views\\pages\\index.php')
 3 SYSTEMPATH\View\View.php(216): CodeIgniter\View\View->CodeIgniter\View\{closure}()
 4 SYSTEMPATH\Common.php(1184): CodeIgniter\View\View->render('/pages/index', [], true)
 5 APPPATH\Controllers\Home.php(9): view('/pages/index')
 6 SYSTEMPATH\CodeIgniter.php(934): App\Controllers\Home->index()
 7 SYSTEMPATH\CodeIgniter.php(499): CodeIgniter\CodeIgniter->runController(Object(App\Controllers\Home))
 8 SYSTEMPATH\CodeIgniter.php(368): CodeIgniter\CodeIgniter->handleRequest(null, Object(Config\Cache), false)
 9 FCPATH\index.php(67): CodeIgniter\CodeIgniter->run()
10 SYSTEMPATH\Commands\Server\rewrite.php(47): require_once('D:\\Workspace\\ComisticProjectPHP\\ZCosmetic\\public_html\\index.php')
CRITICAL - 2023-04-19 10:17:48 --> Undefined property: CodeIgniter\View\View::$load
in APPPATH\Views\pages\index.php on line 54.
 1 APPPATH\Views\pages\index.php(54): CodeIgniter\Debug\Exceptions->errorHandler(2, 'Undefined property: CodeIgniter\\View\\View::$load', 'D:\\Workspace\\ComisticProjectPHP\\ZCosmetic\\source\\app\\Views\\pages\\index.php', 54)
 2 SYSTEMPATH\View\View.php(213): include('D:\\Workspace\\ComisticProjectPHP\\ZCosmetic\\source\\app\\Views\\pages\\index.php')
 3 SYSTEMPATH\View\View.php(216): CodeIgniter\View\View->CodeIgniter\View\{closure}()
 4 SYSTEMPATH\Common.php(1184): CodeIgniter\View\View->render('/pages/index', [], true)
 5 APPPATH\Controllers\Home.php(9): view('/pages/index')
 6 SYSTEMPATH\CodeIgniter.php(934): App\Controllers\Home->index()
 7 SYSTEMPATH\CodeIgniter.php(499): CodeIgniter\CodeIgniter->runController(Object(App\Controllers\Home))
 8 SYSTEMPATH\CodeIgniter.php(368): CodeIgniter\CodeIgniter->handleRequest(null, Object(Config\Cache), false)
 9 FCPATH\index.php(67): CodeIgniter\CodeIgniter->run()
10 SYSTEMPATH\Commands\Server\rewrite.php(47): require_once('D:\\Workspace\\ComisticProjectPHP\\ZCosmetic\\public_html\\index.php')
CRITICAL - 2023-04-19 10:17:49 --> Undefined property: CodeIgniter\View\View::$load
in APPPATH\Views\pages\index.php on line 54.
 1 APPPATH\Views\pages\index.php(54): CodeIgniter\Debug\Exceptions->errorHandler(2, 'Undefined property: CodeIgniter\\View\\View::$load', 'D:\\Workspace\\ComisticProjectPHP\\ZCosmetic\\source\\app\\Views\\pages\\index.php', 54)
 2 SYSTEMPATH\View\View.php(213): include('D:\\Workspace\\ComisticProjectPHP\\ZCosmetic\\source\\app\\Views\\pages\\index.php')
 3 SYSTEMPATH\View\View.php(216): CodeIgniter\View\View->CodeIgniter\View\{closure}()
 4 SYSTEMPATH\Common.php(1184): CodeIgniter\View\View->render('/pages/index', [], true)
 5 APPPATH\Controllers\Home.php(9): view('/pages/index')
 6 SYSTEMPATH\CodeIgniter.php(934): App\Controllers\Home->index()
 7 SYSTEMPATH\CodeIgniter.php(499): CodeIgniter\CodeIgniter->runController(Object(App\Controllers\Home))
 8 SYSTEMPATH\CodeIgniter.php(368): CodeIgniter\CodeIgniter->handleRequest(null, Object(Config\Cache), false)
 9 FCPATH\index.php(67): CodeIgniter\CodeIgniter->run()
10 SYSTEMPATH\Commands\Server\rewrite.php(47): require_once('D:\\Workspace\\ComisticProjectPHP\\ZCosmetic\\public_html\\index.php')
CRITICAL - 2023-04-19 10:17:59 --> Undefined property: CodeIgniter\View\View::$load
in APPPATH\Views\pages\index.php on line 54.
 1 APPPATH\Views\pages\index.php(54): CodeIgniter\Debug\Exceptions->errorHandler(2, 'Undefined property: CodeIgniter\\View\\View::$load', 'D:\\Workspace\\ComisticProjectPHP\\ZCosmetic\\source\\app\\Views\\pages\\index.php', 54)
 2 SYSTEMPATH\View\View.php(213): include('D:\\Workspace\\ComisticProjectPHP\\ZCosmetic\\source\\app\\Views\\pages\\index.php')
 3 SYSTEMPATH\View\View.php(216): CodeIgniter\View\View->CodeIgniter\View\{closure}()
 4 SYSTEMPATH\Common.php(1184): CodeIgniter\View\View->render('/pages/index', [], true)
 5 APPPATH\Controllers\Home.php(9): view('/pages/index')
 6 SYSTEMPATH\CodeIgniter.php(934): App\Controllers\Home->index()
 7 SYSTEMPATH\CodeIgniter.php(499): CodeIgniter\CodeIgniter->runController(Object(App\Controllers\Home))
 8 SYSTEMPATH\CodeIgniter.php(368): CodeIgniter\CodeIgniter->handleRequest(null, Object(Config\Cache), false)
 9 FCPATH\index.php(67): CodeIgniter\CodeIgniter->run()
10 SYSTEMPATH\Commands\Server\rewrite.php(47): require_once('D:\\Workspace\\ComisticProjectPHP\\ZCosmetic\\public_html\\index.php')
CRITICAL - 2023-04-19 15:10:06 --> include(pages/header): Failed to open stream: No such file or directory
in APPPATH\Views\pages\index.php on line 53.
 1 APPPATH\Views\pages\index.php(53): CodeIgniter\Debug\Exceptions->errorHandler(2, 'include(pages/header): Failed to open stream: No such file or directory', 'D:\\Workspace\\ComisticProjectPHP\\ZCosmetic\\source\\app\\Views\\pages\\index.php', 53)
 2 APPPATH\Views\pages\index.php(53): include()
 3 SYSTEMPATH\View\View.php(213): include('D:\\Workspace\\ComisticProjectPHP\\ZCosmetic\\source\\app\\Views\\pages\\index.php')
 4 SYSTEMPATH\View\View.php(216): CodeIgniter\View\View->CodeIgniter\View\{closure}()
 5 SYSTEMPATH\Common.php(1184): CodeIgniter\View\View->render('/pages/index', [], true)
 6 APPPATH\Controllers\Home.php(10): view('/pages/index')
 7 SYSTEMPATH\CodeIgniter.php(934): App\Controllers\Home->index()
 8 SYSTEMPATH\CodeIgniter.php(499): CodeIgniter\CodeIgniter->runController(Object(App\Controllers\Home))
 9 SYSTEMPATH\CodeIgniter.php(368): CodeIgniter\CodeIgniter->handleRequest(null, Object(Config\Cache), false)
10 FCPATH\index.php(67): CodeIgniter\CodeIgniter->run()
11 SYSTEMPATH\Commands\Server\rewrite.php(47): require_once('D:\\Workspace\\ComisticProjectPHP\\ZCosmetic\\public_html\\index.php')
